station ARPT SCZ  NM --   10
station BACM SCZ  NM --   10
station BACM EHZ  NM --   10
station BETM SCZ  NM --   10
station BETM EHZ  NM --   10
station BFAR SCZ  NM --   10
station BFAR EHZ  NM --   10
station BLAR SCZ  NM --   10
station BLAR EHZ  NM --   10
station BOAR SCZ  NM --   10
station BOAR EHZ  NM --   10
station BRGM SCZ  NM --   10
station BRGM EHZ  NM --   10
station BRNM SCZ  NM  --  10
station BRNM EHZ  NM  --  10
station BROM SCZ  NM --   10
station BROM EHZ  NM --   10
station BVAR SCZ  NM --   10
station BVAR EHZ  NM --   10
station CATM SCZ  NM --   10
station CHNM SCZ  NM --  10
station CHNM EHZ  NM --  10
station CHRM SCZ  NM --   10
station CHRM EHZ  NM --   10
station COKM SCZ  NM --   10
station COKM EHZ  NM --   10
station CPAR SCZ  NM --   10
station CPAR EHZ  NM --   10
station CWPT SCZ  NM --   10
station CWPT EHZ  NM --   10
station DLAR SCZ  NM --   10
station DWDM SCZ  NM --   10
station EBZ  EHZ  NM --   10
station EDIT SCZ  NM --   10
station EDIT EHZ  NM --   10
station EPRM SCZ  NM --   10
station EPRM EHZ  NM --   10
station FLPT SCZ  NM --   10
station FLPT EHZ  NM --   10
station FPST SCZ  NM --   10
station FPST EHZ  NM --   10
station GLST SCZ  NM --   10
station GLST EHZ  NM --   10
station GOBM SCZ  NM --   10
station GRAT SCZ  NM --   10
station GRAT EHZ  NM --   10
station GUAM SCZ  NM --   10
station GUAM EHZ  NM --   10
station HAWT SCZ  NM --   10
station HCAR SCZ  NM --   10
station HCAR EHZ  NM --   10
station LRAR EHZ  NM --   10
station HOPT SCZ  NM --   10
station HOPT EHZ  NM --   10
station HOVM SCZ  NM --   10
station HTAR SCZ  NM --   10
station HTAR EHZ  NM --   10
station JHAR SCZ  NM --   10
station KEWM SCZ  NM --   10
station KEWM EHZ  NM --   10
station LAAR SCZ  NM --   10
station LAAR EHZ  NM --   10
station PENM HHZ  NM --   10
station HICK HHZ  NM --   10
station HENM HHZ  NM --   10
station PARM HHZ  NM --   10
station LEPT SCZ  NM --   10
station LFRT SCZ  NM --   10
station LVAR SCZ  NM --   10
station MARM SCZ  NM --   10
station MARM EHZ  NM --   10
station MATM SCZ  NM --   10
station MATM EHZ  NM --   10
station MCAM SCZ  NM --   10
station MCAM EHZ  NM --   10
station MFRT SCZ  NM --   10
station MFRT EHZ  NM --   10
station MIST SCZ  NM --   10
station MLDM SCZ  NM --   10
station MLDM EHZ  NM --   10
station MLNT EGZ  NM --   10
station MORT SCZ  NM --   10
station MORT EHZ  NM --   10
station MPH  LHZ  NM --   10
station MPH  LLZ  NM --   10
station MSAR SCZ  NM --   10
station MSAR EHZ  NM --   10
station MTAR SCZ  NM --   10
station MTAR EHZ  NM --   10
station NBNT SCZ  NM --   10
station NBNT EHZ  NM --   10
station NFAR SCZ  NM --   10
station NFAR EHZ  NM --   10
station NHAR SCZ  NM --   10
station NHAR EHZ  NM --   10
station NMDM SCZ  NM --   10
station NMDM EHZ  NM --   10
station NNAR SCZ  NM --   10
station NNAR EHZ  NM --   10
station OWAR SCZ  NM --   10
station PGVM SCZ  NM --   10
station PGVM EHZ  NM --   10
station PLAR SCZ  NM --   10
station PLAR EHZ  NM --   10
station POBM SCZ  NM --   10
station PPLM SCZ  NM --   10
station PPLM EHZ  NM --   10
station PWLA EHZ  NM --   10
station QUAR SCZ  NM --   10
station RALT EGZ  NM --   10
station RDGT SCZ  NM --   10
station RDGT EHZ  NM --   10
station RELT SCZ  NM --   10
station RELT EHZ  NM --   10
station RVAR SCZ  NM --   10
station RVAR EHZ  NM --   10
station SFTN EHZ  NM --   10
station SJBM SCZ  NM --   10
station SJBM EHZ  NM --   10
station STAM SCZ  NM --   10
station STAM EHZ  NM --   10
station TIPT SCZ  NM --   10
station TIPT EHZ  NM --   10
station TMAR SCZ  NM --   10
station TMAR EHZ  NM --   10
station TNMT SCZ  NM --  10
station TNMT EHZ  NM --  10
station TOPM SCZ  NM --   10
station TOPM EHZ  NM --   10
station TUMT EGZ  NM --   10
station TWAR SCZ  NM --   10
station TWAR EHZ  NM --   10
station TYAR SCZ  NM --   10
station TYAR EHZ  NM --   10
station WADM SCZ  NM --   10
station WADM EHZ  NM --   10
station WALK SCZ  NM --   10
station WALK EHZ  NM --   10
station WYBT SCZ  NM --   10
station WYBT EHZ  NM --   10

# others:
station MPH BHZ NM -- 10
station CCMO EHZ NM -- 10
station JHAR EHZ NM -- 10
station TMAR EHZ NM -- 10
station LVAR EHZ NM -- 10
station HAWT EHZ NM -- 10
station WADM EHZ NM -- 10
station LEPT EHZ NM -- 10
station NNAR EHZ NM -- 10
station GNAR EHZ NM -- 10
station HALT HHZ NM -- 10
station GLAT HHZ NM -- 10
station PEBM HHZ NM -- 10
station GNAR HHZ NM -- 10
station LPAR HHZ NM -- 10
station HBAR HHZ NM -- 10
station LNXT HHZ NM -- 10
station GUAM EHZ NM -- 10
station QUAR EHZ NM -- 10
station DWDM EHZ NM -- 10
station CATM EHZ NM -- 10
station POBM EHZ NM -- 10
station FVM EHZ NM -- 10
station SLM EHZ NM -- 10
station TYS EHZ NM -- 10
station CCM BHZ NM -- 10
station WCI BHZ NM -- 10
station WCI BHZ US -- 10
station WVT BHZ NM -- 10
station WVT BHZ US -- 10
station OXF BHZ US -- 10
station MIAR BHZ US -- 10
station BLO BHZ NM -- 10
station UTM BHZ NM -- 10
station PLAL BHZ NM -- 10
station FVM BHZ NM -- 10
station UALR BHZ NM -- 10
